==762== Memcheck, a memory error detector
==762== Copyright (C) 2002-2017, and GNU GPL'd, by Julian Seward et al.
==762== Using Valgrind-3.15.0 and LibVEX; rerun with -h for copyright info
==762== Command: ./shell
==762== Parent PID: 476
==762== 
==762== 
==762== HEAP SUMMARY:
==762==     in use at exit: 640 bytes in 4 blocks
==762==   total heap usage: 7 allocs, 3 frees, 2,296 bytes allocated
==762== 
==762== 3 bytes in 1 blocks are definitely lost in loss record 1 of 4
==762==    at 0x483B7F3: malloc (in /usr/lib/x86_64-linux-gnu/valgrind/vgpreload_memcheck-amd64-linux.so)
==762==    by 0x48F33BE: strdup (strdup.c:42)
==762==    by 0x10AA0A: parse_input (parser.c:25)
==762==    by 0x109FCB: interactive_mode (interactive.c:16)
==762==    by 0x10ACB1: main (shell.c:16)
==762== 
==762== LEAK SUMMARY:
==762==    definitely lost: 3 bytes in 1 blocks
==762==    indirectly lost: 0 bytes in 0 blocks
==762==      possibly lost: 0 bytes in 0 blocks
==762==    still reachable: 637 bytes in 3 blocks
==762==         suppressed: 0 bytes in 0 blocks
==762== Reachable blocks (those to which a pointer was found) are not shown.
==762== To see them, rerun with: --leak-check=full --show-leak-kinds=all
==762== 
==762== For lists of detected and suppressed errors, rerun with: -s
==762== ERROR SUMMARY: 1 errors from 1 contexts (suppressed: 0 from 0)
